Arguments: 
  C:\Program Files\nodejs\node.exe C:\Yarn\bin\yarn.js lint --help

PATH: 
  C:\Program Files\IBM\WebSphere MQ\java\lib;C:\Program Files\IBM\WebSphere MQ\java\lib64;C:\ProgramData\Oracle\Java\javapath;C:\Ruby24-x64\bin;C:\Program Files (x86)\Intel\iCLS Client\;C:\Program Files\Intel\iCLS Client\;C:\Windows\system32;C:\Windows;C:\Windows\System32\Wbem;C:\Windows\System32\WindowsPowerShell\v1.0\;C:\Program Files (x86)\Intel\UCRT\;C:\Program Files\Intel\UCRT\;C:\Program Files (x86)\Intel\Intel(R) Management Engine Components\DAL;C:\Program Files\Intel\Intel(R) Management Engine Components\DAL;C:\Program Files (x86)\Intel\Intel(R) Management Engine Components\IPT;C:\Program Files\Intel\Intel(R) Management Engine Components\IPT;C:\Maven\apache-maven-3.3.9\bin;C:\Gradle\gradle-3.5\bin;C:\Program Files\PuTTY\;C:\Users\raasanch\AppData\Local\Programs\Python\Python36-32\;C:\Users\raasanch\Documents\Progs\sonar-runner-2.4\bin;C:\Java\jdk1.8.0_151\bin;C:\Program Files\Git\cmd;C:\Program Files\Git\mingw64\bin;C:\Program Files\Git\usr\bin;C:\HashiCorp\Vagrant\bin;C:\Users\raasanch\Documents\Progs\sonarlint-cli-2.1.0.566\bin;C:\Program Files (x86)\pgmodeler;C:\Program Files\MySQL\MySQL Utilities 1.6\;C:\Program Files\nodejs\;C:\Users\raasanch\Documents\Progs\curl-7.57.0\src;C:\Program Files\IBM\WebSphere MQ\bin64;C:\Program Files\IBM\WebSphere MQ\bin;C:\Program Files\IBM\WebSphere MQ\tools\c\samples\bin;C:\Yarn\bin\;C:\Program Files\Heroku\bin;C:\Users\raasanch\AppData\Roaming\npm;C:\Program Files\Microsoft VS Code\bin;C:\Users\raasanch\AppData\Local\Yarn\bin

Yarn version: 
  1.5.1

Node version: 
  8.9.3

Platform: 
  win32 x64

npm manifest: 
  No manifest

yarn manifest: 
  No manifest

Lockfile: 
  No lockfile

Trace: 
  Error: Couldn't find a package.json file in "C:\\desarrollo\\intellij_workspace_test\\fullstackapp"
      at new MessageError (C:\Yarn\lib\cli.js:186:110)
      at C:\Yarn\lib\cli.js:40048:15
      at Generator.next (<anonymous>)
      at step (C:\Yarn\lib\cli.js:98:30)
      at C:\Yarn\lib\cli.js:109:13
      at <anonymous>
